The system is: Linux - 4.6.4-1-ARCH - x86_64
Compiling the C compiler identification source file "CMakeCCompilerId.c" succeeded.
Compiler: /usr/bin/gcc-4.9 
Build flags: 
Id flags: 

The output was:
0


Compilation of the C compiler identification source "CMakeCCompilerId.c" produced "a.out"

The C compiler identification is GNU, found in "/home/brad/Desktop/VZW_Project/build/CMakeFiles/3.6.2/CompilerIdC/a.out"

Compiling the CXX compiler identification source file "CMakeCXXCompilerId.cpp" succeeded.
Compiler: /usr/bin/g++-4.9 
Build flags: 
Id flags: 

The output was:
0


Compilation of the CXX compiler identification source "CMakeCXXCompilerId.cpp" produced "a.out"

The CXX compiler identification is GNU, found in "/home/brad/Desktop/VZW_Project/build/CMakeFiles/3.6.2/CompilerIdCXX/a.out"

Determining if the C compiler works passed with the following output:
Change Dir: /home/brad/Desktop/VZW_Project/build/CMakeFiles/CMakeTmp

Run Build Command:"/usr/bin/make" "cmTC_1f418/fast"
/usr/bin/make -f CMakeFiles/cmTC_1f418.dir/build.make CMakeFiles/cmTC_1f418.dir/build
make[1]: Entering directory '/home/brad/Desktop/VZW_Project/build/CMakeFiles/CMakeTmp'
Building C object CMakeFiles/cmTC_1f418.dir/testCCompiler.c.o
/usr/bin/gcc-4.9     -o CMakeFiles/cmTC_1f418.dir/testCCompiler.c.o   -c /home/brad/Desktop/VZW_Project/build/CMakeFiles/CMakeTmp/testCCompiler.c
Linking C executable cmTC_1f418
/usr/bin/cmake -E cmake_link_script CMakeFiles/cmTC_1f418.dir/link.txt --verbose=1
/usr/bin/gcc-4.9       CMakeFiles/cmTC_1f418.dir/testCCompiler.c.o  -o cmTC_1f418 -rdynamic 
make[1]: Leaving directory '/home/brad/Desktop/VZW_Project/build/CMakeFiles/CMakeTmp'


Detecting C compiler ABI info compiled with the following output:
Change Dir: /home/brad/Desktop/VZW_Project/build/CMakeFiles/CMakeTmp

Run Build Command:"/usr/bin/make" "cmTC_a5eca/fast"
/usr/bin/make -f CMakeFiles/cmTC_a5eca.dir/build.make CMakeFiles/cmTC_a5eca.dir/build
make[1]: Entering directory '/home/brad/Desktop/VZW_Project/build/CMakeFiles/CMakeTmp'
Building C object CMakeFiles/cmTC_a5eca.dir/CMakeCCompilerABI.c.o
/usr/bin/gcc-4.9     -o CMakeFiles/cmTC_a5eca.dir/CMakeCCompilerABI.c.o   -c /usr/share/cmake-3.6/Modules/CMakeCCompilerABI.c
Linking C executable cmTC_a5eca
/usr/bin/cmake -E cmake_link_script CMakeFiles/cmTC_a5eca.dir/link.txt --verbose=1
/usr/bin/gcc-4.9      -v CMakeFiles/cmTC_a5eca.dir/CMakeCCompilerABI.c.o  -o cmTC_a5eca -rdynamic  
Using built-in specs.
COLLECT_GCC=/usr/bin/gcc-4.9
COLLECT_LTO_WRAPPER=/usr/lib/gcc/x86_64-pc-linux-gnu/4.9.3/lto-wrapper
Target: x86_64-pc-linux-gnu
Configured with: /home/brad/.cache/pacaur/gcc49/src/gcc-4.9.3/configure --prefix=/usr --build=x86_64-pc-linux-gnu --libdir=/usr/lib --libexecdir=/usr/lib --mandir=/usr/share/man --infodir=/usr/share/info --with-bugurl=https://bugs.archlinux.org/ --enable-languages=c,c++,fortran,go,lto,objc,obj-c++ --enable-shared --enable-threads=posix --with-system-zlib --enable-__cxa_atexit --disable-libunwind-exceptions --enable-clocale=gnu --disable-libstdcxx-pch --disable-libssp --enable-gnu-unique-object --enable-linker-build-id --enable-cloog-backend=isl --enable-lto --enable-plugin --enable-install-libiberty --with-linker-hash-style=gnu --disable-multilib --disable-werror --program-suffix=-4.9 --enable-version-specific-runtime-libs --enable-checking=release
Thread model: posix
gcc version 4.9.3 (GCC) 
COMPILER_PATH=/usr/lib/gcc/x86_64-pc-linux-gnu/4.9.3/:/usr/lib/gcc/x86_64-pc-linux-gnu/4.9.3/:/usr/lib/gcc/x86_64-pc-linux-gnu/:/usr/lib/gcc/x86_64-pc-linux-gnu/4.9.3/:/usr/lib/gcc/x86_64-pc-linux-gnu/
LIBRARY_PATH=/usr/lib/gcc/x86_64-pc-linux-gnu/4.9.3/:/usr/lib/gcc/x86_64-pc-linux-gnu/4.9.3/../../../../lib/:/lib/../lib/:/usr/lib/../lib/:/usr/lib/gcc/x86_64-pc-linux-gnu/4.9.3/../../../:/lib/:/usr/lib/
COLLECT_GCC_OPTIONS='-v' '-o' 'cmTC_a5eca' '-rdynamic' '-mtune=generic' '-march=x86-64'
 /usr/lib/gcc/x86_64-pc-linux-gnu/4.9.3/collect2 -plugin /usr/lib/gcc/x86_64-pc-linux-gnu/4.9.3/liblto_plugin.so -plugin-opt=/usr/lib/gcc/x86_64-pc-linux-gnu/4.9.3/lto-wrapper -plugin-opt=-fresolution=/tmp/cczoKROY.res -plugin-opt=-pass-through=-lgcc -plugin-opt=-pass-through=-lgcc_s -plugin-opt=-pass-through=-lc -plugin-opt=-pass-through=-lgcc -plugin-opt=-pass-through=-lgcc_s --build-id --eh-frame-hdr --hash-style=gnu -m elf_x86_64 -export-dynamic -dynamic-linker /lib64/ld-linux-x86-64.so.2 -o cmTC_a5eca /usr/lib/gcc/x86_64-pc-linux-gnu/4.9.3/../../../../lib/crt1.o /usr/lib/gcc/x86_64-pc-linux-gnu/4.9.3/../../../../lib/crti.o /usr/lib/gcc/x86_64-pc-linux-gnu/4.9.3/crtbegin.o -L/usr/lib/gcc/x86_64-pc-linux-gnu/4.9.3 -L/usr/lib/gcc/x86_64-pc-linux-gnu/4.9.3/../../../../lib -L/lib/../lib -L/usr/lib/../lib -L/usr/lib/gcc/x86_64-pc-linux-gnu/4.9.3/../../.. CMakeFiles/cmTC_a5eca.dir/CMakeCCompilerABI.c.o -lgcc --as-needed -lgcc_s --no-as-needed -lc -lgcc --as-needed -lgcc_s --no-as-needed /usr/lib/gcc/x86_64-pc-linux-gnu/4.9.3/crtend.o /usr/lib/gcc/x86_64-pc-linux-gnu/4.9.3/../../../../lib/crtn.o
make[1]: Leaving directory '/home/brad/Desktop/VZW_Project/build/CMakeFiles/CMakeTmp'


Parsed C implicit link information from above output:
  link line regex: [^( *|.*[/\])(ld|([^/\]+-)?ld|collect2)[^/\]*( |$)]
  ignore line: [Change Dir: /home/brad/Desktop/VZW_Project/build/CMakeFiles/CMakeTmp]
  ignore line: []
  ignore line: [Run Build Command:"/usr/bin/make" "cmTC_a5eca/fast"]
  ignore line: [/usr/bin/make -f CMakeFiles/cmTC_a5eca.dir/build.make CMakeFiles/cmTC_a5eca.dir/build]
  ignore line: [make[1]: Entering directory '/home/brad/Desktop/VZW_Project/build/CMakeFiles/CMakeTmp']
  ignore line: [Building C object CMakeFiles/cmTC_a5eca.dir/CMakeCCompilerABI.c.o]
  ignore line: [/usr/bin/gcc-4.9     -o CMakeFiles/cmTC_a5eca.dir/CMakeCCompilerABI.c.o   -c /usr/share/cmake-3.6/Modules/CMakeCCompilerABI.c]
  ignore line: [Linking C executable cmTC_a5eca]
  ignore line: [/usr/bin/cmake -E cmake_link_script CMakeFiles/cmTC_a5eca.dir/link.txt --verbose=1]
  ignore line: [/usr/bin/gcc-4.9      -v CMakeFiles/cmTC_a5eca.dir/CMakeCCompilerABI.c.o  -o cmTC_a5eca -rdynamic  ]
  ignore line: [Using built-in specs.]
  ignore line: [COLLECT_GCC=/usr/bin/gcc-4.9]
  ignore line: [COLLECT_LTO_WRAPPER=/usr/lib/gcc/x86_64-pc-linux-gnu/4.9.3/lto-wrapper]
  ignore line: [Target: x86_64-pc-linux-gnu]
  ignore line: [Configured with: /home/brad/.cache/pacaur/gcc49/src/gcc-4.9.3/configure --prefix=/usr --build=x86_64-pc-linux-gnu --libdir=/usr/lib --libexecdir=/usr/lib --mandir=/usr/share/man --infodir=/usr/share/info --with-bugurl=https://bugs.archlinux.org/ --enable-languages=c,c++,fortran,go,lto,objc,obj-c++ --enable-shared --enable-threads=posix --with-system-zlib --enable-__cxa_atexit --disable-libunwind-exceptions --enable-clocale=gnu --disable-libstdcxx-pch --disable-libssp --enable-gnu-unique-object --enable-linker-build-id --enable-cloog-backend=isl --enable-lto --enable-plugin --enable-install-libiberty --with-linker-hash-style=gnu --disable-multilib --disable-werror --program-suffix=-4.9 --enable-version-specific-runtime-libs --enable-checking=release]
  ignore line: [Thread model: posix]
  ignore line: [gcc version 4.9.3 (GCC) ]
  ignore line: [COMPILER_PATH=/usr/lib/gcc/x86_64-pc-linux-gnu/4.9.3/:/usr/lib/gcc/x86_64-pc-linux-gnu/4.9.3/:/usr/lib/gcc/x86_64-pc-linux-gnu/:/usr/lib/gcc/x86_64-pc-linux-gnu/4.9.3/:/usr/lib/gcc/x86_64-pc-linux-gnu/]
  ignore line: [LIBRARY_PATH=/usr/lib/gcc/x86_64-pc-linux-gnu/4.9.3/:/usr/lib/gcc/x86_64-pc-linux-gnu/4.9.3/../../../../lib/:/lib/../lib/:/usr/lib/../lib/:/usr/lib/gcc/x86_64-pc-linux-gnu/4.9.3/../../../:/lib/:/usr/lib/]
  ignore line: [COLLECT_GCC_OPTIONS='-v' '-o' 'cmTC_a5eca' '-rdynamic' '-mtune=generic' '-march=x86-64']
  link line: [ /usr/lib/gcc/x86_64-pc-linux-gnu/4.9.3/collect2 -plugin /usr/lib/gcc/x86_64-pc-linux-gnu/4.9.3/liblto_plugin.so -plugin-opt=/usr/lib/gcc/x86_64-pc-linux-gnu/4.9.3/lto-wrapper -plugin-opt=-fresolution=/tmp/cczoKROY.res -plugin-opt=-pass-through=-lgcc -plugin-opt=-pass-through=-lgcc_s -plugin-opt=-pass-through=-lc -plugin-opt=-pass-through=-lgcc -plugin-opt=-pass-through=-lgcc_s --build-id --eh-frame-hdr --hash-style=gnu -m elf_x86_64 -export-dynamic -dynamic-linker /lib64/ld-linux-x86-64.so.2 -o cmTC_a5eca /usr/lib/gcc/x86_64-pc-linux-gnu/4.9.3/../../../../lib/crt1.o /usr/lib/gcc/x86_64-pc-linux-gnu/4.9.3/../../../../lib/crti.o /usr/lib/gcc/x86_64-pc-linux-gnu/4.9.3/crtbegin.o -L/usr/lib/gcc/x86_64-pc-linux-gnu/4.9.3 -L/usr/lib/gcc/x86_64-pc-linux-gnu/4.9.3/../../../../lib -L/lib/../lib -L/usr/lib/../lib -L/usr/lib/gcc/x86_64-pc-linux-gnu/4.9.3/../../.. CMakeFiles/cmTC_a5eca.dir/CMakeCCompilerABI.c.o -lgcc --as-needed -lgcc_s --no-as-needed -lc -lgcc --as-needed -lgcc_s --no-as-needed /usr/lib/gcc/x86_64-pc-linux-gnu/4.9.3/crtend.o /usr/lib/gcc/x86_64-pc-linux-gnu/4.9.3/../../../../lib/crtn.o]
    arg [/usr/lib/gcc/x86_64-pc-linux-gnu/4.9.3/collect2] ==> ignore
    arg [-plugin] ==> ignore
    arg [/usr/lib/gcc/x86_64-pc-linux-gnu/4.9.3/liblto_plugin.so] ==> ignore
    arg [-plugin-opt=/usr/lib/gcc/x86_64-pc-linux-gnu/4.9.3/lto-wrapper] ==> ignore
    arg [-plugin-opt=-fresolution=/tmp/cczoKROY.res] ==> ignore
    arg [-plugin-opt=-pass-through=-lgcc] ==> ignore
    arg [-plugin-opt=-pass-through=-lgcc_s] ==> ignore
    arg [-plugin-opt=-pass-through=-lc] ==> ignore
    arg [-plugin-opt=-pass-through=-lgcc] ==> ignore
    arg [-plugin-opt=-pass-through=-lgcc_s] ==> ignore
    arg [--build-id] ==> ignore
    arg [--eh-frame-hdr] ==> ignore
    arg [--hash-style=gnu] ==> ignore
    arg [-m] ==> ignore
    arg [elf_x86_64] ==> ignore
    arg [-export-dynamic] ==> ignore
    arg [-dynamic-linker] ==> ignore
    arg [/lib64/ld-linux-x86-64.so.2] ==> ignore
    arg [-o] ==> ignore
    arg [cmTC_a5eca] ==> ignore
    arg [/usr/lib/gcc/x86_64-pc-linux-gnu/4.9.3/../../../../lib/crt1.o] ==> ignore
    arg [/usr/lib/gcc/x86_64-pc-linux-gnu/4.9.3/../../../../lib/crti.o] ==> ignore
    arg [/usr/lib/gcc/x86_64-pc-linux-gnu/4.9.3/crtbegin.o] ==> ignore
    arg [-L/usr/lib/gcc/x86_64-pc-linux-gnu/4.9.3] ==> dir [/usr/lib/gcc/x86_64-pc-linux-gnu/4.9.3]
    arg [-L/usr/lib/gcc/x86_64-pc-linux-gnu/4.9.3/../../../../lib] ==> dir [/usr/lib/gcc/x86_64-pc-linux-gnu/4.9.3/../../../../lib]
    arg [-L/lib/../lib] ==> dir [/lib/../lib]
    arg [-L/usr/lib/../lib] ==> dir [/usr/lib/../lib]
    arg [-L/usr/lib/gcc/x86_64-pc-linux-gnu/4.9.3/../../..] ==> dir [/usr/lib/gcc/x86_64-pc-linux-gnu/4.9.3/../../..]
    arg [CMakeFiles/cmTC_a5eca.dir/CMakeCCompilerABI.c.o] ==> ignore
    arg [-lgcc] ==> lib [gcc]
    arg [--as-needed] ==> ignore
    arg [-lgcc_s] ==> lib [gcc_s]
    arg [--no-as-needed] ==> ignore
    arg [-lc] ==> lib [c]
    arg [-lgcc] ==> lib [gcc]
    arg [--as-needed] ==> ignore
    arg [-lgcc_s] ==> lib [gcc_s]
    arg [--no-as-needed] ==> ignore
    arg [/usr/lib/gcc/x86_64-pc-linux-gnu/4.9.3/crtend.o] ==> ignore
    arg [/usr/lib/gcc/x86_64-pc-linux-gnu/4.9.3/../../../../lib/crtn.o] ==> ignore
  remove lib [gcc]
  remove lib [gcc_s]
  remove lib [gcc]
  remove lib [gcc_s]
  collapse library dir [/usr/lib/gcc/x86_64-pc-linux-gnu/4.9.3] ==> [/usr/lib/gcc/x86_64-pc-linux-gnu/4.9.3]
  collapse library dir [/usr/lib/gcc/x86_64-pc-linux-gnu/4.9.3/../../../../lib] ==> [/usr/lib]
  collapse library dir [/lib/../lib] ==> [/lib]
  collapse library dir [/usr/lib/../lib] ==> [/usr/lib]
  collapse library dir [/usr/lib/gcc/x86_64-pc-linux-gnu/4.9.3/../../..] ==> [/usr/lib]
  implicit libs: [c]
  implicit dirs: [/usr/lib/gcc/x86_64-pc-linux-gnu/4.9.3;/usr/lib;/lib]
  implicit fwks: []




Detecting C [-std=c11] compiler features compiled with the following output:
Change Dir: /home/brad/Desktop/VZW_Project/build/CMakeFiles/CMakeTmp

Run Build Command:"/usr/bin/make" "cmTC_33d48/fast"
/usr/bin/make -f CMakeFiles/cmTC_33d48.dir/build.make CMakeFiles/cmTC_33d48.dir/build
make[1]: Entering directory '/home/brad/Desktop/VZW_Project/build/CMakeFiles/CMakeTmp'
Building C object CMakeFiles/cmTC_33d48.dir/feature_tests.c.o
/usr/bin/gcc-4.9    -std=c11 -o CMakeFiles/cmTC_33d48.dir/feature_tests.c.o   -c /home/brad/Desktop/VZW_Project/build/CMakeFiles/feature_tests.c
Linking C executable cmTC_33d48
/usr/bin/cmake -E cmake_link_script CMakeFiles/cmTC_33d48.dir/link.txt --verbose=1
/usr/bin/gcc-4.9       CMakeFiles/cmTC_33d48.dir/feature_tests.c.o  -o cmTC_33d48 -rdynamic 
make[1]: Leaving directory '/home/brad/Desktop/VZW_Project/build/CMakeFiles/CMakeTmp'


    Feature record: C_FEATURE:1c_function_prototypes
    Feature record: C_FEATURE:1c_restrict
    Feature record: C_FEATURE:1c_static_assert
    Feature record: C_FEATURE:1c_variadic_macros


Detecting C [-std=c99] compiler features compiled with the following output:
Change Dir: /home/brad/Desktop/VZW_Project/build/CMakeFiles/CMakeTmp

Run Build Command:"/usr/bin/make" "cmTC_cb36c/fast"
/usr/bin/make -f CMakeFiles/cmTC_cb36c.dir/build.make CMakeFiles/cmTC_cb36c.dir/build
make[1]: Entering directory '/home/brad/Desktop/VZW_Project/build/CMakeFiles/CMakeTmp'
Building C object CMakeFiles/cmTC_cb36c.dir/feature_tests.c.o
/usr/bin/gcc-4.9    -std=c99 -o CMakeFiles/cmTC_cb36c.dir/feature_tests.c.o   -c /home/brad/Desktop/VZW_Project/build/CMakeFiles/feature_tests.c
Linking C executable cmTC_cb36c
/usr/bin/cmake -E cmake_link_script CMakeFiles/cmTC_cb36c.dir/link.txt --verbose=1
/usr/bin/gcc-4.9       CMakeFiles/cmTC_cb36c.dir/feature_tests.c.o  -o cmTC_cb36c -rdynamic 
make[1]: Leaving directory '/home/brad/Desktop/VZW_Project/build/CMakeFiles/CMakeTmp'


    Feature record: C_FEATURE:1c_function_prototypes
    Feature record: C_FEATURE:1c_restrict
    Feature record: C_FEATURE:0c_static_assert
    Feature record: C_FEATURE:1c_variadic_macros


Detecting C [-std=c90] compiler features compiled with the following output:
Change Dir: /home/brad/Desktop/VZW_Project/build/CMakeFiles/CMakeTmp

Run Build Command:"/usr/bin/make" "cmTC_c1ad9/fast"
/usr/bin/make -f CMakeFiles/cmTC_c1ad9.dir/build.make CMakeFiles/cmTC_c1ad9.dir/build
make[1]: Entering directory '/home/brad/Desktop/VZW_Project/build/CMakeFiles/CMakeTmp'
Building C object CMakeFiles/cmTC_c1ad9.dir/feature_tests.c.o
/usr/bin/gcc-4.9    -std=c90 -o CMakeFiles/cmTC_c1ad9.dir/feature_tests.c.o   -c /home/brad/Desktop/VZW_Project/build/CMakeFiles/feature_tests.c
Linking C executable cmTC_c1ad9
/usr/bin/cmake -E cmake_link_script CMakeFiles/cmTC_c1ad9.dir/link.txt --verbose=1
/usr/bin/gcc-4.9       CMakeFiles/cmTC_c1ad9.dir/feature_tests.c.o  -o cmTC_c1ad9 -rdynamic 
make[1]: Leaving directory '/home/brad/Desktop/VZW_Project/build/CMakeFiles/CMakeTmp'


    Feature record: C_FEATURE:1c_function_prototypes
    Feature record: C_FEATURE:0c_restrict
    Feature record: C_FEATURE:0c_static_assert
    Feature record: C_FEATURE:0c_variadic_macros
Determining if the CXX compiler works passed with the following output:
Change Dir: /home/brad/Desktop/VZW_Project/build/CMakeFiles/CMakeTmp

Run Build Command:"/usr/bin/make" "cmTC_01948/fast"
/usr/bin/make -f CMakeFiles/cmTC_01948.dir/build.make CMakeFiles/cmTC_01948.dir/build
make[1]: Entering directory '/home/brad/Desktop/VZW_Project/build/CMakeFiles/CMakeTmp'
Building CXX object CMakeFiles/cmTC_01948.dir/testCXXCompiler.cxx.o
/usr/bin/g++-4.9      -o CMakeFiles/cmTC_01948.dir/testCXXCompiler.cxx.o -c /home/brad/Desktop/VZW_Project/build/CMakeFiles/CMakeTmp/testCXXCompiler.cxx
Linking CXX executable cmTC_01948
/usr/bin/cmake -E cmake_link_script CMakeFiles/cmTC_01948.dir/link.txt --verbose=1
/usr/bin/g++-4.9        CMakeFiles/cmTC_01948.dir/testCXXCompiler.cxx.o  -o cmTC_01948 -rdynamic 
make[1]: Leaving directory '/home/brad/Desktop/VZW_Project/build/CMakeFiles/CMakeTmp'


Detecting CXX compiler ABI info compiled with the following output:
Change Dir: /home/brad/Desktop/VZW_Project/build/CMakeFiles/CMakeTmp

Run Build Command:"/usr/bin/make" "cmTC_d7f8a/fast"
/usr/bin/make -f CMakeFiles/cmTC_d7f8a.dir/build.make CMakeFiles/cmTC_d7f8a.dir/build
make[1]: Entering directory '/home/brad/Desktop/VZW_Project/build/CMakeFiles/CMakeTmp'
Building CXX object CMakeFiles/cmTC_d7f8a.dir/CMakeCXXCompilerABI.cpp.o
/usr/bin/g++-4.9      -o CMakeFiles/cmTC_d7f8a.dir/CMakeCXXCompilerABI.cpp.o -c /usr/share/cmake-3.6/Modules/CMakeCXXCompilerABI.cpp
Linking CXX executable cmTC_d7f8a
/usr/bin/cmake -E cmake_link_script CMakeFiles/cmTC_d7f8a.dir/link.txt --verbose=1
/usr/bin/g++-4.9       -v CMakeFiles/cmTC_d7f8a.dir/CMakeCXXCompilerABI.cpp.o  -o cmTC_d7f8a -rdynamic  
Using built-in specs.
COLLECT_GCC=/usr/bin/g++-4.9
COLLECT_LTO_WRAPPER=/usr/lib/gcc/x86_64-pc-linux-gnu/4.9.3/lto-wrapper
Target: x86_64-pc-linux-gnu
Configured with: /home/brad/.cache/pacaur/gcc49/src/gcc-4.9.3/configure --prefix=/usr --build=x86_64-pc-linux-gnu --libdir=/usr/lib --libexecdir=/usr/lib --mandir=/usr/share/man --infodir=/usr/share/info --with-bugurl=https://bugs.archlinux.org/ --enable-languages=c,c++,fortran,go,lto,objc,obj-c++ --enable-shared --enable-threads=posix --with-system-zlib --enable-__cxa_atexit --disable-libunwind-exceptions --enable-clocale=gnu --disable-libstdcxx-pch --disable-libssp --enable-gnu-unique-object --enable-linker-build-id --enable-cloog-backend=isl --enable-lto --enable-plugin --enable-install-libiberty --with-linker-hash-style=gnu --disable-multilib --disable-werror --program-suffix=-4.9 --enable-version-specific-runtime-libs --enable-checking=release
Thread model: posix
gcc version 4.9.3 (GCC) 
COMPILER_PATH=/usr/lib/gcc/x86_64-pc-linux-gnu/4.9.3/:/usr/lib/gcc/x86_64-pc-linux-gnu/4.9.3/:/usr/lib/gcc/x86_64-pc-linux-gnu/:/usr/lib/gcc/x86_64-pc-linux-gnu/4.9.3/:/usr/lib/gcc/x86_64-pc-linux-gnu/
LIBRARY_PATH=/usr/lib/gcc/x86_64-pc-linux-gnu/4.9.3/:/usr/lib/gcc/x86_64-pc-linux-gnu/4.9.3/../../../../lib/:/lib/../lib/:/usr/lib/../lib/:/usr/lib/gcc/x86_64-pc-linux-gnu/4.9.3/../../../:/lib/:/usr/lib/
COLLECT_GCC_OPTIONS='-v' '-o' 'cmTC_d7f8a' '-rdynamic' '-shared-libgcc' '-mtune=generic' '-march=x86-64'
 /usr/lib/gcc/x86_64-pc-linux-gnu/4.9.3/collect2 -plugin /usr/lib/gcc/x86_64-pc-linux-gnu/4.9.3/liblto_plugin.so -plugin-opt=/usr/lib/gcc/x86_64-pc-linux-gnu/4.9.3/lto-wrapper -plugin-opt=-fresolution=/tmp/ccdtLCfl.res -plugin-opt=-pass-through=-lgcc_s -plugin-opt=-pass-through=-lgcc -plugin-opt=-pass-through=-lc -plugin-opt=-pass-through=-lgcc_s -plugin-opt=-pass-through=-lgcc --build-id --eh-frame-hdr --hash-style=gnu -m elf_x86_64 -export-dynamic -dynamic-linker /lib64/ld-linux-x86-64.so.2 -o cmTC_d7f8a /usr/lib/gcc/x86_64-pc-linux-gnu/4.9.3/../../../../lib/crt1.o /usr/lib/gcc/x86_64-pc-linux-gnu/4.9.3/../../../../lib/crti.o /usr/lib/gcc/x86_64-pc-linux-gnu/4.9.3/crtbegin.o -L/usr/lib/gcc/x86_64-pc-linux-gnu/4.9.3 -L/usr/lib/gcc/x86_64-pc-linux-gnu/4.9.3/../../../../lib -L/lib/../lib -L/usr/lib/../lib -L/usr/lib/gcc/x86_64-pc-linux-gnu/4.9.3/../../.. CMakeFiles/cmTC_d7f8a.dir/CMakeCXXCompilerABI.cpp.o -lstdc++ -lm -lgcc_s -lgcc -lc -lgcc_s -lgcc /usr/lib/gcc/x86_64-pc-linux-gnu/4.9.3/crtend.o /usr/lib/gcc/x86_64-pc-linux-gnu/4.9.3/../../../../lib/crtn.o
make[1]: Leaving directory '/home/brad/Desktop/VZW_Project/build/CMakeFiles/CMakeTmp'


Parsed CXX implicit link information from above output:
  link line regex: [^( *|.*[/\])(ld|([^/\]+-)?ld|collect2)[^/\]*( |$)]
  ignore line: [Change Dir: /home/brad/Desktop/VZW_Project/build/CMakeFiles/CMakeTmp]
  ignore line: []
  ignore line: [Run Build Command:"/usr/bin/make" "cmTC_d7f8a/fast"]
  ignore line: [/usr/bin/make -f CMakeFiles/cmTC_d7f8a.dir/build.make CMakeFiles/cmTC_d7f8a.dir/build]
  ignore line: [make[1]: Entering directory '/home/brad/Desktop/VZW_Project/build/CMakeFiles/CMakeTmp']
  ignore line: [Building CXX object CMakeFiles/cmTC_d7f8a.dir/CMakeCXXCompilerABI.cpp.o]
  ignore line: [/usr/bin/g++-4.9      -o CMakeFiles/cmTC_d7f8a.dir/CMakeCXXCompilerABI.cpp.o -c /usr/share/cmake-3.6/Modules/CMakeCXXCompilerABI.cpp]
  ignore line: [Linking CXX executable cmTC_d7f8a]
  ignore line: [/usr/bin/cmake -E cmake_link_script CMakeFiles/cmTC_d7f8a.dir/link.txt --verbose=1]
  ignore line: [/usr/bin/g++-4.9       -v CMakeFiles/cmTC_d7f8a.dir/CMakeCXXCompilerABI.cpp.o  -o cmTC_d7f8a -rdynamic  ]
  ignore line: [Using built-in specs.]
  ignore line: [COLLECT_GCC=/usr/bin/g++-4.9]
  ignore line: [COLLECT_LTO_WRAPPER=/usr/lib/gcc/x86_64-pc-linux-gnu/4.9.3/lto-wrapper]
  ignore line: [Target: x86_64-pc-linux-gnu]
  ignore line: [Configured with: /home/brad/.cache/pacaur/gcc49/src/gcc-4.9.3/configure --prefix=/usr --build=x86_64-pc-linux-gnu --libdir=/usr/lib --libexecdir=/usr/lib --mandir=/usr/share/man --infodir=/usr/share/info --with-bugurl=https://bugs.archlinux.org/ --enable-languages=c,c++,fortran,go,lto,objc,obj-c++ --enable-shared --enable-threads=posix --with-system-zlib --enable-__cxa_atexit --disable-libunwind-exceptions --enable-clocale=gnu --disable-libstdcxx-pch --disable-libssp --enable-gnu-unique-object --enable-linker-build-id --enable-cloog-backend=isl --enable-lto --enable-plugin --enable-install-libiberty --with-linker-hash-style=gnu --disable-multilib --disable-werror --program-suffix=-4.9 --enable-version-specific-runtime-libs --enable-checking=release]
  ignore line: [Thread model: posix]
  ignore line: [gcc version 4.9.3 (GCC) ]
  ignore line: [COMPILER_PATH=/usr/lib/gcc/x86_64-pc-linux-gnu/4.9.3/:/usr/lib/gcc/x86_64-pc-linux-gnu/4.9.3/:/usr/lib/gcc/x86_64-pc-linux-gnu/:/usr/lib/gcc/x86_64-pc-linux-gnu/4.9.3/:/usr/lib/gcc/x86_64-pc-linux-gnu/]
  ignore line: [LIBRARY_PATH=/usr/lib/gcc/x86_64-pc-linux-gnu/4.9.3/:/usr/lib/gcc/x86_64-pc-linux-gnu/4.9.3/../../../../lib/:/lib/../lib/:/usr/lib/../lib/:/usr/lib/gcc/x86_64-pc-linux-gnu/4.9.3/../../../:/lib/:/usr/lib/]
  ignore line: [COLLECT_GCC_OPTIONS='-v' '-o' 'cmTC_d7f8a' '-rdynamic' '-shared-libgcc' '-mtune=generic' '-march=x86-64']
  link line: [ /usr/lib/gcc/x86_64-pc-linux-gnu/4.9.3/collect2 -plugin /usr/lib/gcc/x86_64-pc-linux-gnu/4.9.3/liblto_plugin.so -plugin-opt=/usr/lib/gcc/x86_64-pc-linux-gnu/4.9.3/lto-wrapper -plugin-opt=-fresolution=/tmp/ccdtLCfl.res -plugin-opt=-pass-through=-lgcc_s -plugin-opt=-pass-through=-lgcc -plugin-opt=-pass-through=-lc -plugin-opt=-pass-through=-lgcc_s -plugin-opt=-pass-through=-lgcc --build-id --eh-frame-hdr --hash-style=gnu -m elf_x86_64 -export-dynamic -dynamic-linker /lib64/ld-linux-x86-64.so.2 -o cmTC_d7f8a /usr/lib/gcc/x86_64-pc-linux-gnu/4.9.3/../../../../lib/crt1.o /usr/lib/gcc/x86_64-pc-linux-gnu/4.9.3/../../../../lib/crti.o /usr/lib/gcc/x86_64-pc-linux-gnu/4.9.3/crtbegin.o -L/usr/lib/gcc/x86_64-pc-linux-gnu/4.9.3 -L/usr/lib/gcc/x86_64-pc-linux-gnu/4.9.3/../../../../lib -L/lib/../lib -L/usr/lib/../lib -L/usr/lib/gcc/x86_64-pc-linux-gnu/4.9.3/../../.. CMakeFiles/cmTC_d7f8a.dir/CMakeCXXCompilerABI.cpp.o -lstdc++ -lm -lgcc_s -lgcc -lc -lgcc_s -lgcc /usr/lib/gcc/x86_64-pc-linux-gnu/4.9.3/crtend.o /usr/lib/gcc/x86_64-pc-linux-gnu/4.9.3/../../../../lib/crtn.o]
    arg [/usr/lib/gcc/x86_64-pc-linux-gnu/4.9.3/collect2] ==> ignore
    arg [-plugin] ==> ignore
    arg [/usr/lib/gcc/x86_64-pc-linux-gnu/4.9.3/liblto_plugin.so] ==> ignore
    arg [-plugin-opt=/usr/lib/gcc/x86_64-pc-linux-gnu/4.9.3/lto-wrapper] ==> ignore
    arg [-plugin-opt=-fresolution=/tmp/ccdtLCfl.res] ==> ignore
    arg [-plugin-opt=-pass-through=-lgcc_s] ==> ignore
    arg [-plugin-opt=-pass-through=-lgcc] ==> ignore
    arg [-plugin-opt=-pass-through=-lc] ==> ignore
    arg [-plugin-opt=-pass-through=-lgcc_s] ==> ignore
    arg [-plugin-opt=-pass-through=-lgcc] ==> ignore
    arg [--build-id] ==> ignore
    arg [--eh-frame-hdr] ==> ignore
    arg [--hash-style=gnu] ==> ignore
    arg [-m] ==> ignore
    arg [elf_x86_64] ==> ignore
    arg [-export-dynamic] ==> ignore
    arg [-dynamic-linker] ==> ignore
    arg [/lib64/ld-linux-x86-64.so.2] ==> ignore
    arg [-o] ==> ignore
    arg [cmTC_d7f8a] ==> ignore
    arg [/usr/lib/gcc/x86_64-pc-linux-gnu/4.9.3/../../../../lib/crt1.o] ==> ignore
    arg [/usr/lib/gcc/x86_64-pc-linux-gnu/4.9.3/../../../../lib/crti.o] ==> ignore
    arg [/usr/lib/gcc/x86_64-pc-linux-gnu/4.9.3/crtbegin.o] ==> ignore
    arg [-L/usr/lib/gcc/x86_64-pc-linux-gnu/4.9.3] ==> dir [/usr/lib/gcc/x86_64-pc-linux-gnu/4.9.3]
    arg [-L/usr/lib/gcc/x86_64-pc-linux-gnu/4.9.3/../../../../lib] ==> dir [/usr/lib/gcc/x86_64-pc-linux-gnu/4.9.3/../../../../lib]
    arg [-L/lib/../lib] ==> dir [/lib/../lib]
    arg [-L/usr/lib/../lib] ==> dir [/usr/lib/../lib]
    arg [-L/usr/lib/gcc/x86_64-pc-linux-gnu/4.9.3/../../..] ==> dir [/usr/lib/gcc/x86_64-pc-linux-gnu/4.9.3/../../..]
    arg [CMakeFiles/cmTC_d7f8a.dir/CMakeCXXCompilerABI.cpp.o] ==> ignore
    arg [-lstdc++] ==> lib [stdc++]
    arg [-lm] ==> lib [m]
    arg [-lgcc_s] ==> lib [gcc_s]
    arg [-lgcc] ==> lib [gcc]
    arg [-lc] ==> lib [c]
    arg [-lgcc_s] ==> lib [gcc_s]
    arg [-lgcc] ==> lib [gcc]
    arg [/usr/lib/gcc/x86_64-pc-linux-gnu/4.9.3/crtend.o] ==> ignore
    arg [/usr/lib/gcc/x86_64-pc-linux-gnu/4.9.3/../../../../lib/crtn.o] ==> ignore
  remove lib [gcc_s]
  remove lib [gcc]
  remove lib [gcc_s]
  remove lib [gcc]
  collapse library dir [/usr/lib/gcc/x86_64-pc-linux-gnu/4.9.3] ==> [/usr/lib/gcc/x86_64-pc-linux-gnu/4.9.3]
  collapse library dir [/usr/lib/gcc/x86_64-pc-linux-gnu/4.9.3/../../../../lib] ==> [/usr/lib]
  collapse library dir [/lib/../lib] ==> [/lib]
  collapse library dir [/usr/lib/../lib] ==> [/usr/lib]
  collapse library dir [/usr/lib/gcc/x86_64-pc-linux-gnu/4.9.3/../../..] ==> [/usr/lib]
  implicit libs: [stdc++;m;c]
  implicit dirs: [/usr/lib/gcc/x86_64-pc-linux-gnu/4.9.3;/usr/lib;/lib]
  implicit fwks: []




Detecting CXX [-std=c++14] compiler features compiled with the following output:
Change Dir: /home/brad/Desktop/VZW_Project/build/CMakeFiles/CMakeTmp

Run Build Command:"/usr/bin/make" "cmTC_e8034/fast"
/usr/bin/make -f CMakeFiles/cmTC_e8034.dir/build.make CMakeFiles/cmTC_e8034.dir/build
make[1]: Entering directory '/home/brad/Desktop/VZW_Project/build/CMakeFiles/CMakeTmp'
Building CXX object CMakeFiles/cmTC_e8034.dir/feature_tests.cxx.o
/usr/bin/g++-4.9     -std=c++14 -o CMakeFiles/cmTC_e8034.dir/feature_tests.cxx.o -c /home/brad/Desktop/VZW_Project/build/CMakeFiles/feature_tests.cxx
Linking CXX executable cmTC_e8034
/usr/bin/cmake -E cmake_link_script CMakeFiles/cmTC_e8034.dir/link.txt --verbose=1
/usr/bin/g++-4.9        CMakeFiles/cmTC_e8034.dir/feature_tests.cxx.o  -o cmTC_e8034 -rdynamic 
make[1]: Leaving directory '/home/brad/Desktop/VZW_Project/build/CMakeFiles/CMakeTmp'


    Feature record: CXX_FEATURE:0cxx_aggregate_default_initializers
    Feature record: CXX_FEATURE:1cxx_alias_templates
    Feature record: CXX_FEATURE:1cxx_alignas
    Feature record: CXX_FEATURE:1cxx_alignof
    Feature record: CXX_FEATURE:1cxx_attributes
    Feature record: CXX_FEATURE:1cxx_attribute_deprecated
    Feature record: CXX_FEATURE:1cxx_auto_type
    Feature record: CXX_FEATURE:1cxx_binary_literals
    Feature record: CXX_FEATURE:1cxx_constexpr
    Feature record: CXX_FEATURE:1cxx_contextual_conversions
    Feature record: CXX_FEATURE:1cxx_decltype
    Feature record: CXX_FEATURE:1cxx_decltype_auto
    Feature record: CXX_FEATURE:1cxx_decltype_incomplete_return_types
    Feature record: CXX_FEATURE:1cxx_default_function_template_args
    Feature record: CXX_FEATURE:1cxx_defaulted_functions
    Feature record: CXX_FEATURE:1cxx_defaulted_move_initializers
    Feature record: CXX_FEATURE:1cxx_delegating_constructors
    Feature record: CXX_FEATURE:1cxx_deleted_functions
    Feature record: CXX_FEATURE:1cxx_digit_separators
    Feature record: CXX_FEATURE:1cxx_enum_forward_declarations
    Feature record: CXX_FEATURE:1cxx_explicit_conversions
    Feature record: CXX_FEATURE:1cxx_extended_friend_declarations
    Feature record: CXX_FEATURE:1cxx_extern_templates
    Feature record: CXX_FEATURE:1cxx_final
    Feature record: CXX_FEATURE:1cxx_func_identifier
    Feature record: CXX_FEATURE:1cxx_generalized_initializers
    Feature record: CXX_FEATURE:1cxx_generic_lambdas
    Feature record: CXX_FEATURE:1cxx_inheriting_constructors
    Feature record: CXX_FEATURE:1cxx_inline_namespaces
    Feature record: CXX_FEATURE:1cxx_lambdas
    Feature record: CXX_FEATURE:1cxx_lambda_init_captures
    Feature record: CXX_FEATURE:1cxx_local_type_template_args
    Feature record: CXX_FEATURE:1cxx_long_long_type
    Feature record: CXX_FEATURE:1cxx_noexcept
    Feature record: CXX_FEATURE:1cxx_nonstatic_member_init
    Feature record: CXX_FEATURE:1cxx_nullptr
    Feature record: CXX_FEATURE:1cxx_override
    Feature record: CXX_FEATURE:1cxx_range_for
    Feature record: CXX_FEATURE:1cxx_raw_string_literals
    Feature record: CXX_FEATURE:1cxx_reference_qualified_functions
    Feature record: CXX_FEATURE:0cxx_relaxed_constexpr
    Feature record: CXX_FEATURE:1cxx_return_type_deduction
    Feature record: CXX_FEATURE:1cxx_right_angle_brackets
    Feature record: CXX_FEATURE:1cxx_rvalue_references
    Feature record: CXX_FEATURE:1cxx_sizeof_member
    Feature record: CXX_FEATURE:1cxx_static_assert
    Feature record: CXX_FEATURE:1cxx_strong_enums
    Feature record: CXX_FEATURE:1cxx_template_template_parameters
    Feature record: CXX_FEATURE:1cxx_thread_local
    Feature record: CXX_FEATURE:1cxx_trailing_return_types
    Feature record: CXX_FEATURE:1cxx_unicode_literals
    Feature record: CXX_FEATURE:1cxx_uniform_initialization
    Feature record: CXX_FEATURE:1cxx_unrestricted_unions
    Feature record: CXX_FEATURE:1cxx_user_literals
    Feature record: CXX_FEATURE:0cxx_variable_templates
    Feature record: CXX_FEATURE:1cxx_variadic_macros
    Feature record: CXX_FEATURE:1cxx_variadic_templates


Detecting CXX [-std=c++11] compiler features compiled with the following output:
Change Dir: /home/brad/Desktop/VZW_Project/build/CMakeFiles/CMakeTmp

Run Build Command:"/usr/bin/make" "cmTC_6d360/fast"
/usr/bin/make -f CMakeFiles/cmTC_6d360.dir/build.make CMakeFiles/cmTC_6d360.dir/build
make[1]: Entering directory '/home/brad/Desktop/VZW_Project/build/CMakeFiles/CMakeTmp'
Building CXX object CMakeFiles/cmTC_6d360.dir/feature_tests.cxx.o
/usr/bin/g++-4.9     -std=c++11 -o CMakeFiles/cmTC_6d360.dir/feature_tests.cxx.o -c /home/brad/Desktop/VZW_Project/build/CMakeFiles/feature_tests.cxx
Linking CXX executable cmTC_6d360
/usr/bin/cmake -E cmake_link_script CMakeFiles/cmTC_6d360.dir/link.txt --verbose=1
/usr/bin/g++-4.9        CMakeFiles/cmTC_6d360.dir/feature_tests.cxx.o  -o cmTC_6d360 -rdynamic 
make[1]: Leaving directory '/home/brad/Desktop/VZW_Project/build/CMakeFiles/CMakeTmp'


    Feature record: CXX_FEATURE:0cxx_aggregate_default_initializers
    Feature record: CXX_FEATURE:1cxx_alias_templates
    Feature record: CXX_FEATURE:1cxx_alignas
    Feature record: CXX_FEATURE:1cxx_alignof
    Feature record: CXX_FEATURE:1cxx_attributes
    Feature record: CXX_FEATURE:0cxx_attribute_deprecated
    Feature record: CXX_FEATURE:1cxx_auto_type
    Feature record: CXX_FEATURE:0cxx_binary_literals
    Feature record: CXX_FEATURE:1cxx_constexpr
    Feature record: CXX_FEATURE:0cxx_contextual_conversions
    Feature record: CXX_FEATURE:1cxx_decltype
    Feature record: CXX_FEATURE:0cxx_decltype_auto
    Feature record: CXX_FEATURE:1cxx_decltype_incomplete_return_types
    Feature record: CXX_FEATURE:1cxx_default_function_template_args
    Feature record: CXX_FEATURE:1cxx_defaulted_functions
    Feature record: CXX_FEATURE:1cxx_defaulted_move_initializers
    Feature record: CXX_FEATURE:1cxx_delegating_constructors
    Feature record: CXX_FEATURE:1cxx_deleted_functions
    Feature record: CXX_FEATURE:0cxx_digit_separators
    Feature record: CXX_FEATURE:1cxx_enum_forward_declarations
    Feature record: CXX_FEATURE:1cxx_explicit_conversions
    Feature record: CXX_FEATURE:1cxx_extended_friend_declarations
    Feature record: CXX_FEATURE:1cxx_extern_templates
    Feature record: CXX_FEATURE:1cxx_final
    Feature record: CXX_FEATURE:1cxx_func_identifier
    Feature record: CXX_FEATURE:1cxx_generalized_initializers
    Feature record: CXX_FEATURE:0cxx_generic_lambdas
    Feature record: CXX_FEATURE:1cxx_inheriting_constructors
    Feature record: CXX_FEATURE:1cxx_inline_namespaces
    Feature record: CXX_FEATURE:1cxx_lambdas
    Feature record: CXX_FEATURE:0cxx_lambda_init_captures
    Feature record: CXX_FEATURE:1cxx_local_type_template_args
    Feature record: CXX_FEATURE:1cxx_long_long_type
    Feature record: CXX_FEATURE:1cxx_noexcept
    Feature record: CXX_FEATURE:1cxx_nonstatic_member_init
    Feature record: CXX_FEATURE:1cxx_nullptr
    Feature record: CXX_FEATURE:1cxx_override
    Feature record: CXX_FEATURE:1cxx_range_for
    Feature record: CXX_FEATURE:1cxx_raw_string_literals
    Feature record: CXX_FEATURE:1cxx_reference_qualified_functions
    Feature record: CXX_FEATURE:0cxx_relaxed_constexpr
    Feature record: CXX_FEATURE:0cxx_return_type_deduction
    Feature record: CXX_FEATURE:1cxx_right_angle_brackets
    Feature record: CXX_FEATURE:1cxx_rvalue_references
    Feature record: CXX_FEATURE:1cxx_sizeof_member
    Feature record: CXX_FEATURE:1cxx_static_assert
    Feature record: CXX_FEATURE:1cxx_strong_enums
    Feature record: CXX_FEATURE:1cxx_template_template_parameters
    Feature record: CXX_FEATURE:1cxx_thread_local
    Feature record: CXX_FEATURE:1cxx_trailing_return_types
    Feature record: CXX_FEATURE:1cxx_unicode_literals
    Feature record: CXX_FEATURE:1cxx_uniform_initialization
    Feature record: CXX_FEATURE:1cxx_unrestricted_unions
    Feature record: CXX_FEATURE:1cxx_user_literals
    Feature record: CXX_FEATURE:0cxx_variable_templates
    Feature record: CXX_FEATURE:1cxx_variadic_macros
    Feature record: CXX_FEATURE:1cxx_variadic_templates


Detecting CXX [-std=c++98] compiler features compiled with the following output:
Change Dir: /home/brad/Desktop/VZW_Project/build/CMakeFiles/CMakeTmp

Run Build Command:"/usr/bin/make" "cmTC_c05dd/fast"
/usr/bin/make -f CMakeFiles/cmTC_c05dd.dir/build.make CMakeFiles/cmTC_c05dd.dir/build
make[1]: Entering directory '/home/brad/Desktop/VZW_Project/build/CMakeFiles/CMakeTmp'
Building CXX object CMakeFiles/cmTC_c05dd.dir/feature_tests.cxx.o
/usr/bin/g++-4.9     -std=c++98 -o CMakeFiles/cmTC_c05dd.dir/feature_tests.cxx.o -c /home/brad/Desktop/VZW_Project/build/CMakeFiles/feature_tests.cxx
Linking CXX executable cmTC_c05dd
/usr/bin/cmake -E cmake_link_script CMakeFiles/cmTC_c05dd.dir/link.txt --verbose=1
/usr/bin/g++-4.9        CMakeFiles/cmTC_c05dd.dir/feature_tests.cxx.o  -o cmTC_c05dd -rdynamic 
make[1]: Leaving directory '/home/brad/Desktop/VZW_Project/build/CMakeFiles/CMakeTmp'


    Feature record: CXX_FEATURE:0cxx_aggregate_default_initializers
    Feature record: CXX_FEATURE:0cxx_alias_templates
    Feature record: CXX_FEATURE:0cxx_alignas
    Feature record: CXX_FEATURE:0cxx_alignof
    Feature record: CXX_FEATURE:0cxx_attributes
    Feature record: CXX_FEATURE:0cxx_attribute_deprecated
    Feature record: CXX_FEATURE:0cxx_auto_type
    Feature record: CXX_FEATURE:0cxx_binary_literals
    Feature record: CXX_FEATURE:0cxx_constexpr
    Feature record: CXX_FEATURE:0cxx_contextual_conversions
    Feature record: CXX_FEATURE:0cxx_decltype
    Feature record: CXX_FEATURE:0cxx_decltype_auto
    Feature record: CXX_FEATURE:0cxx_decltype_incomplete_return_types
    Feature record: CXX_FEATURE:0cxx_default_function_template_args
    Feature record: CXX_FEATURE:0cxx_defaulted_functions
    Feature record: CXX_FEATURE:0cxx_defaulted_move_initializers
    Feature record: CXX_FEATURE:0cxx_delegating_constructors
    Feature record: CXX_FEATURE:0cxx_deleted_functions
    Feature record: CXX_FEATURE:0cxx_digit_separators
    Feature record: CXX_FEATURE:0cxx_enum_forward_declarations
    Feature record: CXX_FEATURE:0cxx_explicit_conversions
    Feature record: CXX_FEATURE:0cxx_extended_friend_declarations
    Feature record: CXX_FEATURE:0cxx_extern_templates
    Feature record: CXX_FEATURE:0cxx_final
    Feature record: CXX_FEATURE:0cxx_func_identifier
    Feature record: CXX_FEATURE:0cxx_generalized_initializers
    Feature record: CXX_FEATURE:0cxx_generic_lambdas
    Feature record: CXX_FEATURE:0cxx_inheriting_constructors
    Feature record: CXX_FEATURE:0cxx_inline_namespaces
    Feature record: CXX_FEATURE:0cxx_lambdas
    Feature record: CXX_FEATURE:0cxx_lambda_init_captures
    Feature record: CXX_FEATURE:0cxx_local_type_template_args
    Feature record: CXX_FEATURE:0cxx_long_long_type
    Feature record: CXX_FEATURE:0cxx_noexcept
    Feature record: CXX_FEATURE:0cxx_nonstatic_member_init
    Feature record: CXX_FEATURE:0cxx_nullptr
    Feature record: CXX_FEATURE:0cxx_override
    Feature record: CXX_FEATURE:0cxx_range_for
    Feature record: CXX_FEATURE:0cxx_raw_string_literals
    Feature record: CXX_FEATURE:0cxx_reference_qualified_functions
    Feature record: CXX_FEATURE:0cxx_relaxed_constexpr
    Feature record: CXX_FEATURE:0cxx_return_type_deduction
    Feature record: CXX_FEATURE:0cxx_right_angle_brackets
    Feature record: CXX_FEATURE:0cxx_rvalue_references
    Feature record: CXX_FEATURE:0cxx_sizeof_member
    Feature record: CXX_FEATURE:0cxx_static_assert
    Feature record: CXX_FEATURE:0cxx_strong_enums
    Feature record: CXX_FEATURE:1cxx_template_template_parameters
    Feature record: CXX_FEATURE:0cxx_thread_local
    Feature record: CXX_FEATURE:0cxx_trailing_return_types
    Feature record: CXX_FEATURE:0cxx_unicode_literals
    Feature record: CXX_FEATURE:0cxx_uniform_initialization
    Feature record: CXX_FEATURE:0cxx_unrestricted_unions
    Feature record: CXX_FEATURE:0cxx_user_literals
    Feature record: CXX_FEATURE:0cxx_variable_templates
    Feature record: CXX_FEATURE:0cxx_variadic_macros
    Feature record: CXX_FEATURE:0cxx_variadic_templates
Determining if the include file pthread.h exists passed with the following output:
Change Dir: /home/brad/Desktop/VZW_Project/build/CMakeFiles/CMakeTmp

Run Build Command:"/usr/bin/make" "cmTC_152ae/fast"
/usr/bin/make -f CMakeFiles/cmTC_152ae.dir/build.make CMakeFiles/cmTC_152ae.dir/build
make[1]: Entering directory '/home/brad/Desktop/VZW_Project/build/CMakeFiles/CMakeTmp'
Building C object CMakeFiles/cmTC_152ae.dir/CheckIncludeFile.c.o
/usr/bin/gcc-4.9    -fPIC    -o CMakeFiles/cmTC_152ae.dir/CheckIncludeFile.c.o   -c /home/brad/Desktop/VZW_Project/build/CMakeFiles/CMakeTmp/CheckIncludeFile.c
Linking C executable cmTC_152ae
/usr/bin/cmake -E cmake_link_script CMakeFiles/cmTC_152ae.dir/link.txt --verbose=1
/usr/bin/gcc-4.9  -fPIC     CMakeFiles/cmTC_152ae.dir/CheckIncludeFile.c.o  -o cmTC_152ae -rdynamic 
make[1]: Leaving directory '/home/brad/Desktop/VZW_Project/build/CMakeFiles/CMakeTmp'


Determining if the function pthread_create exists in the pthread passed with the following output:
Change Dir: /home/brad/Desktop/VZW_Project/build/CMakeFiles/CMakeTmp

Run Build Command:"/usr/bin/make" "cmTC_53c39/fast"
/usr/bin/make -f CMakeFiles/cmTC_53c39.dir/build.make CMakeFiles/cmTC_53c39.dir/build
make[1]: Entering directory '/home/brad/Desktop/VZW_Project/build/CMakeFiles/CMakeTmp'
Building C object CMakeFiles/cmTC_53c39.dir/CheckFunctionExists.c.o
/usr/bin/gcc-4.9    -fPIC -DCHECK_FUNCTION_EXISTS=pthread_create   -o CMakeFiles/cmTC_53c39.dir/CheckFunctionExists.c.o   -c /usr/share/cmake-3.6/Modules/CheckFunctionExists.c
Linking C executable cmTC_53c39
/usr/bin/cmake -E cmake_link_script CMakeFiles/cmTC_53c39.dir/link.txt --verbose=1
/usr/bin/gcc-4.9  -fPIC -DCHECK_FUNCTION_EXISTS=pthread_create    CMakeFiles/cmTC_53c39.dir/CheckFunctionExists.c.o  -o cmTC_53c39 -rdynamic -lpthread 
make[1]: Leaving directory '/home/brad/Desktop/VZW_Project/build/CMakeFiles/CMakeTmp'


