Determining if the pthread_create exist failed with the following output:
Change Dir: /home/brad/Desktop/VZW_Project/build/CMakeFiles/CMakeTmp

Run Build Command:"/usr/bin/make" "cmTC_251da/fast"
/usr/bin/make -f CMakeFiles/cmTC_251da.dir/build.make CMakeFiles/cmTC_251da.dir/build
make[1]: Entering directory '/home/brad/Desktop/VZW_Project/build/CMakeFiles/CMakeTmp'
Building C object CMakeFiles/cmTC_251da.dir/CheckSymbolExists.c.o
/usr/bin/gcc-4.9    -fPIC    -o CMakeFiles/cmTC_251da.dir/CheckSymbolExists.c.o   -c /home/brad/Desktop/VZW_Project/build/CMakeFiles/CMakeTmp/CheckSymbolExists.c
Linking C executable cmTC_251da
/usr/bin/cmake -E cmake_link_script CMakeFiles/cmTC_251da.dir/link.txt --verbose=1
/usr/bin/gcc-4.9  -fPIC     CMakeFiles/cmTC_251da.dir/CheckSymbolExists.c.o  -o cmTC_251da -rdynamic 
CMakeFiles/cmTC_251da.dir/CheckSymbolExists.c.o: In function `main':
CheckSymbolExists.c:(.text+0x1b): undefined reference to `pthread_create'
collect2: error: ld returned 1 exit status
make[1]: *** [CMakeFiles/cmTC_251da.dir/build.make:98: cmTC_251da] Error 1
make[1]: Leaving directory '/home/brad/Desktop/VZW_Project/build/CMakeFiles/CMakeTmp'
make: *** [Makefile:126: cmTC_251da/fast] Error 2

File /home/brad/Desktop/VZW_Project/build/CMakeFiles/CMakeTmp/CheckSymbolExists.c:
/* */
#include <pthread.h>

int main(int argc, char** argv)
{
  (void)argv;
#ifndef pthread_create
  return ((int*)(&pthread_create))[argc];
#else
  (void)argc;
  return 0;
#endif
}

Determining if the function pthread_create exists in the pthreads failed with the following output:
Change Dir: /home/brad/Desktop/VZW_Project/build/CMakeFiles/CMakeTmp

Run Build Command:"/usr/bin/make" "cmTC_645ad/fast"
/usr/bin/make -f CMakeFiles/cmTC_645ad.dir/build.make CMakeFiles/cmTC_645ad.dir/build
make[1]: Entering directory '/home/brad/Desktop/VZW_Project/build/CMakeFiles/CMakeTmp'
Building C object CMakeFiles/cmTC_645ad.dir/CheckFunctionExists.c.o
/usr/bin/gcc-4.9    -fPIC -DCHECK_FUNCTION_EXISTS=pthread_create   -o CMakeFiles/cmTC_645ad.dir/CheckFunctionExists.c.o   -c /usr/share/cmake-3.6/Modules/CheckFunctionExists.c
Linking C executable cmTC_645ad
/usr/bin/cmake -E cmake_link_script CMakeFiles/cmTC_645ad.dir/link.txt --verbose=1
/usr/bin/gcc-4.9  -fPIC -DCHECK_FUNCTION_EXISTS=pthread_create    CMakeFiles/cmTC_645ad.dir/CheckFunctionExists.c.o  -o cmTC_645ad -rdynamic -lpthreads 
/usr/bin/ld: cannot find -lpthreads
collect2: error: ld returned 1 exit status
make[1]: *** [CMakeFiles/cmTC_645ad.dir/build.make:98: cmTC_645ad] Error 1
make[1]: Leaving directory '/home/brad/Desktop/VZW_Project/build/CMakeFiles/CMakeTmp'
make: *** [Makefile:126: cmTC_645ad/fast] Error 2


